
> auction-league-client@1.0.0 start
> react-scripts start

[34mℹ[39m [90m｢wds｣[39m: Project is running at http://10.14.7.180/
[34mℹ[39m [90m｢wds｣[39m: webpack output is served from 
[34mℹ[39m [90m｢wds｣[39m: Content not from webpack is served from /Users/rudrajadon/Documents/trae_projects/auctionleague/client/public
[34mℹ[39m [90m｢wds｣[39m: 404s will fallback to /
Starting the development server...

Compiled successfully!

You can now view auction-league-client in the browser.

  Local:            http://localhost:3000
  On Your Network:  http://10.14.7.180:3000

Note that the development build is not optimized.
To create a production build, use npm run build.

Compiling...
Compiled successfully!
Compiling...
Compiled successfully!
Compiling...
Compiled with warnings.

src/App.js
  Line 11:10:  'initialRoomState' is assigned a value but never used  no-unused-vars

Search for the keywords to learn more about each warning.
To ignore, add // eslint-disable-next-line to the line before.

Compiling...
Compiled successfully!
Compiling...
Compiled successfully!
Compiling...
Compiled successfully!
The build failed because the process exited too early. This probably means the system ran out of memory or someone called `kill -9` on the process.
